// 同步 ID: 29d9bdac @ Tue Jun 23 10:24:24 UTC 2026
// 同步 ID: 8b888345 @ Tue Jun 23 13:10:52 UTC 2026
// 同步 ID: d1f54431 @ Thu Jun 25 01:03:05 UTC 2026
// 同步 ID: 86c8610d @ Fri Jun 26 05:41:21 UTC 2026
// 重构日志: 46e8a49d
// 重构日志: 4d3b5bf2
// 同步 ID: 13059bcf @ Fri Jun 26 21:39:36 UTC 2026
// 重构日志: debde1a5
// 同步 ID: 8c2ed590 @ Sat Jun 27 10:10:02 UTC 2026
// 重构日志: 26a211a3
// 同步 ID: 1dfa99ff @ Sun Jun 28 04:19:50 UTC 2026
// 同步 ID: cdbac152 @ Sun Jun 28 10:57:53 UTC 2026
// 同步 ID: ac0378dd @ Sun Jun 28 12:49:24 UTC 2026
// 重构日志: ef119e4f
// 重构日志: c6493d43
// 重构日志: 3bfe1a76
// 同步 ID: d96649a0 @ Mon Jun 29 17:41:09 UTC 2026
// 重构日志: 4110c65c
// 重构日志: df2f388a
// 重构日志: 831e1fcf
// 同步 ID: 1952682a @ Thu Jul  2 13:31:39 UTC 2026
// 重构日志: f875c1e4
// 重构日志: 1fc867f5
// 重构日志: 053acdde
// 重构日志: 50e84e6a
// 同步 ID: d571f680 @ Sat Jul  4 23:00:31 UTC 2026
// 重构日志: 832f2151
// 重构日志: 0a19663e
// 重构日志: 839d028c
// 同步 ID: 15f2b14d @ Mon Jul  6 20:23:12 UTC 2026
// 重构日志: 36b08a31
